2023-02-20 19:41:03,140 [INFO] from application in ForkJoinPool-1-worker-9 - Creating Pool for datasource 'default'
2023-02-20 19:41:07,344 [INFO] from application in ForkJoinPool-1-worker-9 - Creating Pool for datasource 'default'
2023-02-20 19:41:11,457 [ERROR] from application in netty-event-loop-3 - 

! @80kcdi2b1 - Internal server error, for (GET) [/] ->
 
play.api.Configuration$$anon$1: Configuration error[Cannot connect to database [default]]
	at play.api.Configuration$.configError(Configuration.scala:156)
	at play.api.Configuration.reportError(Configuration.scala:809)
	at play.api.db.DefaultDBApi$$anonfun$connect$1.apply(DefaultDBApi.scala:48)
	at play.api.db.DefaultDBApi$$anonfun$connect$1.apply(DefaultDBApi.scala:42)
	at scala.collection.immutable.List.foreach(List.scala:381)
	at play.api.db.DefaultDBApi.connect(DefaultDBApi.scala:42)
	at play.api.db.DBApiProvider.get$lzycompute(DBModule.scala:72)
	at play.api.db.DBApiProvider.get(DBModule.scala:62)
	at play.api.db.DBApiProvider.get(DBModule.scala:58)
	at com.google.inject.internal.ProviderInternalFactory.provision(ProviderInternalFactory.java:81)
	at com.google.inject.internal.BoundProviderFactory.provision(BoundProviderFactory.java:72)
	at com.google.inject.internal.ProviderInternalFactory.circularGet(ProviderInternalFactory.java:61)
	at com.google.inject.internal.BoundProviderFactory.get(BoundProviderFactory.java:62)
	at com.google.inject.internal.SingleFieldInjector.inject(SingleFieldInjector.java:54)
	at com.google.inject.internal.MembersInjectorImpl.injectMembers(MembersInjectorImpl.java:132)
	at com.google.inject.internal.MembersInjectorImpl$1.call(MembersInjectorImpl.java:93)
	at com.google.inject.internal.MembersInjectorImpl$1.call(MembersInjectorImpl.java:80)
	at com.google.inject.internal.InjectorImpl.callInContext(InjectorImpl.java:1103)
	at com.google.inject.internal.MembersInjectorImpl.injectAndNotify(MembersInjectorImpl.java:80)
	at com.google.inject.internal.MembersInjectorImpl.injectMembers(MembersInjectorImpl.java:62)
	at com.google.inject.internal.InjectorImpl.injectMembers(InjectorImpl.java:984)
	at com.google.inject.util.Providers$GuicifiedProviderWithDependencies.initialize(Providers.java:149)
	at com.google.inject.util.Providers$GuicifiedProviderWithDependencies$$FastClassByGuice$$2a7177aa.invoke(<generated>)
	at com.google.inject.internal.cglib.reflect.$FastMethod.invoke(FastMethod.java:53)
	at com.google.inject.internal.SingleMethodInjector$1.invoke(SingleMethodInjector.java:57)
	at com.google.inject.internal.SingleMethodInjector.inject(SingleMethodInjector.java:91)
	at com.google.inject.internal.MembersInjectorImpl.injectMembers(MembersInjectorImpl.java:132)
	at com.google.inject.internal.MembersInjectorImpl$1.call(MembersInjectorImpl.java:93)
	at com.google.inject.internal.MembersInjectorImpl$1.call(MembersInjectorImpl.java:80)
	at com.google.inject.internal.InjectorImpl.callInContext(InjectorImpl.java:1092)
	at com.google.inject.internal.MembersInjectorImpl.injectAndNotify(MembersInjectorImpl.java:80)
	at com.google.inject.internal.Initializer$InjectableReference.get(Initializer.java:174)
	at com.google.inject.internal.Initializer.injectAll(Initializer.java:108)
	at com.google.inject.internal.InternalInjectorCreator.injectDynamically(InternalInjectorCreator.java:174)
	at com.google.inject.internal.InternalInjectorCreator.build(InternalInjectorCreator.java:110)
	at com.google.inject.Guice.createInjector(Guice.java:96)
	at com.google.inject.Guice.createInjector(Guice.java:84)
	at play.api.inject.guice.GuiceBuilder.injector(GuiceInjectorBuilder.scala:181)
	at play.api.inject.guice.GuiceApplicationBuilder.build(GuiceApplicationBuilder.scala:123)
	at play.api.inject.guice.GuiceApplicationLoader.load(GuiceApplicationLoader.scala:21)
	at play.core.server.DevServerStart$$anonfun$mainDev$1$$anon$1$$anonfun$get$1$$anonfun$apply$1$$anonfun$1$$anonfun$2.apply(DevServerStart.scala:168)
	at play.core.server.DevServerStart$$anonfun$mainDev$1$$anon$1$$anonfun$get$1$$anonfun$apply$1$$anonfun$1$$anonfun$2.apply(DevServerStart.scala:164)
	at play.utils.Threads$.withContextClassLoader(Threads.scala:21)
	at play.core.server.DevServerStart$$anonfun$mainDev$1$$anon$1$$anonfun$get$1$$anonfun$apply$1$$anonfun$1.apply(DevServerStart.scala:164)
	at play.core.server.DevServerStart$$anonfun$mainDev$1$$anon$1$$anonfun$get$1$$anonfun$apply$1$$anonfun$1.apply(DevServerStart.scala:131)
	at scala.Option.map(Option.scala:146)
	at play.core.server.DevServerStart$$anonfun$mainDev$1$$anon$1$$anonfun$get$1$$anonfun$apply$1.apply(DevServerStart.scala:131)
	at play.core.server.DevServerStart$$anonfun$mainDev$1$$anon$1$$anonfun$get$1$$anonfun$apply$1.apply(DevServerStart.scala:129)
	at scala.util.Success.flatMap(Try.scala:231)
	at play.core.server.DevServerStart$$anonfun$mainDev$1$$anon$1$$anonfun$get$1.apply(DevServerStart.scala:129)
	at play.core.server.DevServerStart$$anonfun$mainDev$1$$anon$1$$anonfun$get$1.apply(DevServerStart.scala:121)
	at scala.concurrent.impl.Future$PromiseCompletingRunnable.liftedTree1$1(Future.scala:24)
	at scala.concurrent.impl.Future$PromiseCompletingRunnable.run(Future.scala:24)
	at java.util.concurrent.ForkJoinTask$RunnableExecuteAction.exec(ForkJoinTask.java:1402)
	at java.util.concurrent.ForkJoinTask.doExec(ForkJoinTask.java:289)
	at java.util.concurrent.ForkJoinPool$WorkQueue.runTask(ForkJoinPool.java:1067)
	at java.util.concurrent.ForkJoinPool.runWorker(ForkJoinPool.java:1703)
	at java.util.concurrent.ForkJoinWorkerThread.run(ForkJoinWorkerThread.java:172)
Caused by: play.api.Configuration$$anon$1: Configuration error[Failed to initialize pool: Could not create connection to database server. Attempted reconnect 3 times. Giving up.]
	at play.api.Configuration$.configError(Configuration.scala:156)
	at play.api.PlayConfig.reportError(Configuration.scala:1000)
	at play.api.db.HikariCPConnectionPool.create(HikariCPModule.scala:70)
	at play.api.db.PooledDatabase.createDataSource(Databases.scala:199)
	at play.api.db.DefaultDatabase.dataSource$lzycompute(Databases.scala:123)
	at play.api.db.DefaultDatabase.dataSource(Databases.scala:121)
	at play.api.db.DefaultDatabase.getConnection(Databases.scala:142)
	at play.api.db.DefaultDatabase.getConnection(Databases.scala:138)
	at play.api.db.DefaultDBApi$$anonfun$connect$1.apply(DefaultDBApi.scala:44)
	... 55 common frames omitted
Caused by: com.zaxxer.hikari.pool.HikariPool$PoolInitializationException: Failed to initialize pool: Could not create connection to database server. Attempted reconnect 3 times. Giving up.
	at com.zaxxer.hikari.pool.HikariPool.checkFailFast(HikariPool.java:512)
	at com.zaxxer.hikari.pool.HikariPool.<init>(HikariPool.java:105)
	at com.zaxxer.hikari.HikariDataSource.<init>(HikariDataSource.java:71)
	at play.api.db.HikariCPConnectionPool$$anonfun$1.apply(HikariCPModule.scala:58)
	at play.api.db.HikariCPConnectionPool$$anonfun$1.apply(HikariCPModule.scala:54)
	at scala.util.Try$.apply(Try.scala:192)
	at play.api.db.HikariCPConnectionPool.create(HikariCPModule.scala:54)
	... 61 common frames omitted
Caused by: java.sql.SQLNonTransientConnectionException: Could not create connection to database server. Attempted reconnect 3 times. Giving up.
	at com.mysql.cj.jdbc.exceptions.SQLError.createSQLException(SQLError.java:108)
	at com.mysql.cj.jdbc.exceptions.SQLError.createSQLException(SQLError.java:95)
	at com.mysql.cj.jdbc.exceptions.SQLError.createSQLException(SQLError.java:87)
	at com.mysql.cj.jdbc.exceptions.SQLError.createSQLException(SQLError.java:61)
	at com.mysql.cj.jdbc.exceptions.SQLError.createSQLException(SQLError.java:71)
	at com.mysql.cj.jdbc.ConnectionImpl.connectWithRetries(ConnectionImpl.java:932)
	at com.mysql.cj.jdbc.ConnectionImpl.createNewIO(ConnectionImpl.java:857)
	at com.mysql.cj.jdbc.ConnectionImpl.<init>(ConnectionImpl.java:444)
	at com.mysql.cj.jdbc.ConnectionImpl.getInstance(ConnectionImpl.java:230)
	at com.mysql.cj.jdbc.NonRegisteringDriver.connect(NonRegisteringDriver.java:226)
	at com.zaxxer.hikari.util.DriverDataSource.getConnection(DriverDataSource.java:95)
	at com.zaxxer.hikari.util.DriverDataSource.getConnection(DriverDataSource.java:101)
	at com.zaxxer.hikari.pool.PoolBase.newConnection(PoolBase.java:341)
	at com.zaxxer.hikari.pool.HikariPool.checkFailFast(HikariPool.java:506)
	... 67 common frames omitted
Caused by: com.mysql.cj.exceptions.CJException: Public Key Retrieval is not allowed
	at sun.reflect.NativeConstructorAccessorImpl.newInstance0(Native Method)
	at sun.reflect.NativeConstructorAccessorImpl.newInstance(NativeConstructorAccessorImpl.java:62)
	at sun.reflect.DelegatingConstructorAccessorImpl.newInstance(DelegatingConstructorAccessorImpl.java:45)
	at java.lang.reflect.Constructor.newInstance(Constructor.java:423)
	at com.mysql.cj.exceptions.ExceptionFactory.createException(ExceptionFactory.java:59)
	at com.mysql.cj.exceptions.ExceptionFactory.createException(ExceptionFactory.java:103)
	at com.mysql.cj.exceptions.ExceptionFactory.createException(ExceptionFactory.java:149)
	at com.mysql.cj.exceptions.ExceptionFactory.createException(ExceptionFactory.java:122)
	at com.mysql.cj.protocol.a.authentication.CachingSha2PasswordPlugin.nextAuthenticationStep(CachingSha2PasswordPlugin.java:151)
	at com.mysql.cj.protocol.a.authentication.CachingSha2PasswordPlugin.nextAuthenticationStep(CachingSha2PasswordPlugin.java:49)
	at com.mysql.cj.protocol.a.NativeAuthenticationProvider.proceedHandshakeWithPluggableAuthentication(NativeAuthenticationProvider.java:609)
	at com.mysql.cj.protocol.a.NativeAuthenticationProvider.connect(NativeAuthenticationProvider.java:217)
	at com.mysql.cj.protocol.a.NativeProtocol.connect(NativeProtocol.java:1411)
	at com.mysql.cj.NativeSession.connect(NativeSession.java:165)
	at com.mysql.cj.jdbc.ConnectionImpl.connectWithRetries(ConnectionImpl.java:876)
	... 75 common frames omitted
Caused by: com.mysql.cj.exceptions.UnableToConnectException: Public Key Retrieval is not allowed
	at sun.reflect.NativeConstructorAccessorImpl.newInstance0(Native Method)
	at sun.reflect.NativeConstructorAccessorImpl.newInstance(NativeConstructorAccessorImpl.java:62)
	at sun.reflect.DelegatingConstructorAccessorImpl.newInstance(DelegatingConstructorAccessorImpl.java:45)
	at java.lang.reflect.Constructor.newInstance(Constructor.java:423)
	at com.mysql.cj.exceptions.ExceptionFactory.createException(ExceptionFactory.java:59)
	at com.mysql.cj.exceptions.ExceptionFactory.createException(ExceptionFactory.java:83)
	at com.mysql.cj.protocol.a.authentication.CachingSha2PasswordPlugin.nextAuthenticationStep(CachingSha2PasswordPlugin.java:128)
	... 81 common frames omitted
